<?xml version="1.0" encoding="UTF-8"?>
<testsuite xmlns:xsi="http://www.w3.org/2001/XMLSchema-instance" xsi:noNamespaceSchemaLocation="https://maven.apache.org/surefire/maven-surefire-plugin/xsd/surefire-test-report-3.0.xsd" version="3.0" name="es.uma.informatica.sii.nivelesinstituto.NivelesInstitutoApplicationTests$NivelesVacios" time="2.2" tests="5" errors="0" skipped="0" failures="0">
  <properties>
    <property name="java.specification.version" value="22"/>
    <property name="sun.cpu.isalist" value="amd64"/>
    <property name="sun.jnu.encoding" value="Cp1252"/>
    <property name="java.class.path" value="C:\Users\Usuario\Documents\Practica JUnit\target\test-classes;C:\Users\Usuario\Documents\Practica JUnit\target\classes;C:\Users\Usuario\.m2\repository\org\springframework\boot\spring-boot-starter-data-jpa\3.2.5\spring-boot-starter-data-jpa-3.2.5.jar;C:\Users\Usuario\.m2\repository\org\springframework\boot\spring-boot-starter-aop\3.2.5\spring-boot-starter-aop-3.2.5.jar;C:\Users\Usuario\.m2\repository\org\springframework\spring-aop\6.1.6\spring-aop-6.1.6.jar;C:\Users\Usuario\.m2\repository\org\aspectj\aspectjweaver\1.9.22\aspectjweaver-1.9.22.jar;C:\Users\Usuario\.m2\repository\org\springframework\boot\spring-boot-starter-jdbc\3.2.5\spring-boot-starter-jdbc-3.2.5.jar;C:\Users\Usuario\.m2\repository\com\zaxxer\HikariCP\5.0.1\HikariCP-5.0.1.jar;C:\Users\Usuario\.m2\repository\org\springframework\spring-jdbc\6.1.6\spring-jdbc-6.1.6.jar;C:\Users\Usuario\.m2\repository\org\hibernate\orm\hibernate-core\6.4.4.Final\hibernate-core-6.4.4.Final.jar;C:\Users\Usuario\.m2\repository\jakarta\persistence\jakarta.persistence-api\3.1.0\jakarta.persistence-api-3.1.0.jar;C:\Users\Usuario\.m2\repository\jakarta\transaction\jakarta.transaction-api\2.0.1\jakarta.transaction-api-2.0.1.jar;C:\Users\Usuario\.m2\repository\org\jboss\logging\jboss-logging\3.5.3.Final\jboss-logging-3.5.3.Final.jar;C:\Users\Usuario\.m2\repository\org\hibernate\common\hibernate-commons-annotations\6.0.6.Final\hibernate-commons-annotations-6.0.6.Final.jar;C:\Users\Usuario\.m2\repository\io\smallrye\jandex\3.1.2\jandex-3.1.2.jar;C:\Users\Usuario\.m2\repository\com\fasterxml\classmate\1.6.0\classmate-1.6.0.jar;C:\Users\Usuario\.m2\repository\net\bytebuddy\byte-buddy\1.14.13\byte-buddy-1.14.13.jar;C:\Users\Usuario\.m2\repository\org\glassfish\jaxb\jaxb-runtime\4.0.5\jaxb-runtime-4.0.5.jar;C:\Users\Usuario\.m2\repository\org\glassfish\jaxb\jaxb-core\4.0.5\jaxb-core-4.0.5.jar;C:\Users\Usuario\.m2\repository\org\eclipse\angus\angus-activation\2.0.2\angus-activation-2.0.2.jar;C:\Users\Usuario\.m2\repository\org\glassfish\jaxb\txw2\4.0.5\txw2-4.0.5.jar;C:\Users\Usuario\.m2\repository\com\sun\istack\istack-commons-runtime\4.1.2\istack-commons-runtime-4.1.2.jar;C:\Users\Usuario\.m2\repository\jakarta\inject\jakarta.inject-api\2.0.1\jakarta.inject-api-2.0.1.jar;C:\Users\Usuario\.m2\repository\org\antlr\antlr4-runtime\4.13.0\antlr4-runtime-4.13.0.jar;C:\Users\Usuario\.m2\repository\org\springframework\data\spring-data-jpa\3.2.5\spring-data-jpa-3.2.5.jar;C:\Users\Usuario\.m2\repository\org\springframework\data\spring-data-commons\3.2.5\spring-data-commons-3.2.5.jar;C:\Users\Usuario\.m2\repository\org\springframework\spring-orm\6.1.6\spring-orm-6.1.6.jar;C:\Users\Usuario\.m2\repository\org\springframework\spring-context\6.1.6\spring-context-6.1.6.jar;C:\Users\Usuario\.m2\repository\org\springframework\spring-tx\6.1.6\spring-tx-6.1.6.jar;C:\Users\Usuario\.m2\repository\org\springframework\spring-beans\6.1.6\spring-beans-6.1.6.jar;C:\Users\Usuario\.m2\repository\jakarta\annotation\jakarta.annotation-api\2.1.1\jakarta.annotation-api-2.1.1.jar;C:\Users\Usuario\.m2\repository\org\slf4j\slf4j-api\2.0.13\slf4j-api-2.0.13.jar;C:\Users\Usuario\.m2\repository\org\springframework\spring-aspects\6.1.6\spring-aspects-6.1.6.jar;C:\Users\Usuario\.m2\repository\org\springframework\boot\spring-boot-starter-web\3.2.5\spring-boot-starter-web-3.2.5.jar;C:\Users\Usuario\.m2\repository\org\springframework\boot\spring-boot-starter\3.2.5\spring-boot-starter-3.2.5.jar;C:\Users\Usuario\.m2\repository\org\springframework\boot\spring-boot\3.2.5\spring-boot-3.2.5.jar;C:\Users\Usuario\.m2\repository\org\springframework\boot\spring-boot-autoconfigure\3.2.5\spring-boot-autoconfigure-3.2.5.jar;C:\Users\Usuario\.m2\repository\org\springframework\boot\spring-boot-starter-logging\3.2.5\spring-boot-starter-logging-3.2.5.jar;C:\Users\Usuario\.m2\repository\ch\qos\logback\logback-classic\1.4.14\logback-classic-1.4.14.jar;C:\Users\Usuario\.m2\repository\ch\qos\logback\logback-core\1.4.14\logback-core-1.4.14.jar;C:\Users\Usuario\.m2\repository\org\apache\logging\log4j\log4j-to-slf4j\2.21.1\log4j-to-slf4j-2.21.1.jar;C:\Users\Usuario\.m2\repository\org\apache\logging\log4j\log4j-api\2.21.1\log4j-api-2.21.1.jar;C:\Users\Usuario\.m2\repository\org\slf4j\jul-to-slf4j\2.0.13\jul-to-slf4j-2.0.13.jar;C:\Users\Usuario\.m2\repository\org\yaml\snakeyaml\2.2\snakeyaml-2.2.jar;C:\Users\Usuario\.m2\repository\org\springframework\boot\spring-boot-starter-json\3.2.5\spring-boot-starter-json-3.2.5.jar;C:\Users\Usuario\.m2\repository\com\fasterxml\jackson\core\jackson-databind\2.15.4\jackson-databind-2.15.4.jar;C:\Users\Usuario\.m2\repository\com\fasterxml\jackson\core\jackson-annotations\2.15.4\jackson-annotations-2.15.4.jar;C:\Users\Usuario\.m2\repository\com\fasterxml\jackson\core\jackson-core\2.15.4\jackson-core-2.15.4.jar;C:\Users\Usuario\.m2\repository\com\fasterxml\jackson\datatype\jackson-datatype-jdk8\2.15.4\jackson-datatype-jdk8-2.15.4.jar;C:\Users\Usuario\.m2\repository\com\fasterxml\jackson\datatype\jackson-datatype-jsr310\2.15.4\jackson-datatype-jsr310-2.15.4.jar;C:\Users\Usuario\.m2\repository\com\fasterxml\jackson\module\jackson-module-parameter-names\2.15.4\jackson-module-parameter-names-2.15.4.jar;C:\Users\Usuario\.m2\repository\org\springframework\boot\spring-boot-starter-tomcat\3.2.5\spring-boot-starter-tomcat-3.2.5.jar;C:\Users\Usuario\.m2\repository\org\apache\tomcat\embed\tomcat-embed-core\10.1.20\tomcat-embed-core-10.1.20.jar;C:\Users\Usuario\.m2\repository\org\apache\tomcat\embed\tomcat-embed-el\10.1.20\tomcat-embed-el-10.1.20.jar;C:\Users\Usuario\.m2\repository\org\apache\tomcat\embed\tomcat-embed-websocket\10.1.20\tomcat-embed-websocket-10.1.20.jar;C:\Users\Usuario\.m2\repository\org\springframework\spring-web\6.1.6\spring-web-6.1.6.jar;C:\Users\Usuario\.m2\repository\io\micrometer\micrometer-observation\1.12.5\micrometer-observation-1.12.5.jar;C:\Users\Usuario\.m2\repository\io\micrometer\micrometer-commons\1.12.5\micrometer-commons-1.12.5.jar;C:\Users\Usuario\.m2\repository\org\springframework\spring-webmvc\6.1.6\spring-webmvc-6.1.6.jar;C:\Users\Usuario\.m2\repository\org\springframework\spring-expression\6.1.6\spring-expression-6.1.6.jar;C:\Users\Usuario\.m2\repository\org\projectlombok\lombok\1.18.32\lombok-1.18.32.jar;C:\Users\Usuario\.m2\repository\org\springframework\boot\spring-boot-starter-test\3.2.5\spring-boot-starter-test-3.2.5.jar;C:\Users\Usuario\.m2\repository\org\springframework\boot\spring-boot-test\3.2.5\spring-boot-test-3.2.5.jar;C:\Users\Usuario\.m2\repository\org\springframework\boot\spring-boot-test-autoconfigure\3.2.5\spring-boot-test-autoconfigure-3.2.5.jar;C:\Users\Usuario\.m2\repository\com\jayway\jsonpath\json-path\2.9.0\json-path-2.9.0.jar;C:\Users\Usuario\.m2\repository\jakarta\xml\bind\jakarta.xml.bind-api\4.0.2\jakarta.xml.bind-api-4.0.2.jar;C:\Users\Usuario\.m2\repository\jakarta\activation\jakarta.activation-api\2.1.3\jakarta.activation-api-2.1.3.jar;C:\Users\Usuario\.m2\repository\net\minidev\json-smart\2.5.1\json-smart-2.5.1.jar;C:\Users\Usuario\.m2\repository\net\minidev\accessors-smart\2.5.1\accessors-smart-2.5.1.jar;C:\Users\Usuario\.m2\repository\org\ow2\asm\asm\9.6\asm-9.6.jar;C:\Users\Usuario\.m2\repository\org\assertj\assertj-core\3.24.2\assertj-core-3.24.2.jar;C:\Users\Usuario\.m2\repository\org\awaitility\awaitility\4.2.1\awaitility-4.2.1.jar;C:\Users\Usuario\.m2\repository\org\hamcrest\hamcrest\2.2\hamcrest-2.2.jar;C:\Users\Usuario\.m2\repository\org\junit\jupiter\junit-jupiter\5.10.2\junit-jupiter-5.10.2.jar;C:\Users\Usuario\.m2\repository\org\junit\jupiter\junit-jupiter-api\5.10.2\junit-jupiter-api-5.10.2.jar;C:\Users\Usuario\.m2\repository\org\opentest4j\opentest4j\1.3.0\opentest4j-1.3.0.jar;C:\Users\Usuario\.m2\repository\org\junit\platform\junit-platform-commons\1.10.2\junit-platform-commons-1.10.2.jar;C:\Users\Usuario\.m2\repository\org\apiguardian\apiguardian-api\1.1.2\apiguardian-api-1.1.2.jar;C:\Users\Usuario\.m2\repository\org\junit\jupiter\junit-jupiter-params\5.10.2\junit-jupiter-params-5.10.2.jar;C:\Users\Usuario\.m2\repository\org\junit\jupiter\junit-jupiter-engine\5.10.2\junit-jupiter-engine-5.10.2.jar;C:\Users\Usuario\.m2\repository\org\junit\platform\junit-platform-engine\1.10.2\junit-platform-engine-1.10.2.jar;C:\Users\Usuario\.m2\repository\org\mockito\mockito-core\5.7.0\mockito-core-5.7.0.jar;C:\Users\Usuario\.m2\repository\net\bytebuddy\byte-buddy-agent\1.14.13\byte-buddy-agent-1.14.13.jar;C:\Users\Usuario\.m2\repository\org\objenesis\objenesis\3.3\objenesis-3.3.jar;C:\Users\Usuario\.m2\repository\org\mockito\mockito-junit-jupiter\5.7.0\mockito-junit-jupiter-5.7.0.jar;C:\Users\Usuario\.m2\repository\org\skyscreamer\jsonassert\1.5.1\jsonassert-1.5.1.jar;C:\Users\Usuario\.m2\repository\com\vaadin\external\google\android-json\0.0.20131108.vaadin1\android-json-0.0.20131108.vaadin1.jar;C:\Users\Usuario\.m2\repository\org\springframework\spring-core\6.1.6\spring-core-6.1.6.jar;C:\Users\Usuario\.m2\repository\org\springframework\spring-jcl\6.1.6\spring-jcl-6.1.6.jar;C:\Users\Usuario\.m2\repository\org\springframework\spring-test\6.1.6\spring-test-6.1.6.jar;C:\Users\Usuario\.m2\repository\org\xmlunit\xmlunit-core\2.9.1\xmlunit-core-2.9.1.jar;C:\Users\Usuario\.m2\repository\com\h2database\h2\2.2.224\h2-2.2.224.jar;"/>
    <property name="java.vm.vendor" value="Oracle Corporation"/>
    <property name="sun.arch.data.model" value="64"/>
    <property name="user.variant" value=""/>
    <property name="catalina.useNaming" value="false"/>
    <property name="java.vendor.url" value="https://java.oracle.com/"/>
    <property name="user.timezone" value="Europe/Madrid"/>
    <property name="org.jboss.logging.provider" value="slf4j"/>
    <property name="os.name" value="Windows 10"/>
    <property name="java.vm.specification.version" value="22"/>
    <property name="sun.java.launcher" value="SUN_STANDARD"/>
    <property name="user.country" value="ES"/>
    <property name="sun.boot.library.path" value="C:\Program Files\Java\jdk-22\bin"/>
    <property name="sun.java.command" value="C:\Users\Usuario\AppData\Local\Temp\surefire5369266270165485066\surefirebooter-20240509174817205_3.jar C:\Users\Usuario\AppData\Local\Temp\surefire5369266270165485066 2024-05-09T17-48-16_851-jvmRun1 surefire-20240509174817205_1tmp surefire_0-20240509174817205_2tmp"/>
    <property name="jdk.debug" value="release"/>
    <property name="surefire.test.class.path" value="C:\Users\Usuario\Documents\Practica JUnit\target\test-classes;C:\Users\Usuario\Documents\Practica JUnit\target\classes;C:\Users\Usuario\.m2\repository\org\springframework\boot\spring-boot-starter-data-jpa\3.2.5\spring-boot-starter-data-jpa-3.2.5.jar;C:\Users\Usuario\.m2\repository\org\springframework\boot\spring-boot-starter-aop\3.2.5\spring-boot-starter-aop-3.2.5.jar;C:\Users\Usuario\.m2\repository\org\springframework\spring-aop\6.1.6\spring-aop-6.1.6.jar;C:\Users\Usuario\.m2\repository\org\aspectj\aspectjweaver\1.9.22\aspectjweaver-1.9.22.jar;C:\Users\Usuario\.m2\repository\org\springframework\boot\spring-boot-starter-jdbc\3.2.5\spring-boot-starter-jdbc-3.2.5.jar;C:\Users\Usuario\.m2\repository\com\zaxxer\HikariCP\5.0.1\HikariCP-5.0.1.jar;C:\Users\Usuario\.m2\repository\org\springframework\spring-jdbc\6.1.6\spring-jdbc-6.1.6.jar;C:\Users\Usuario\.m2\repository\org\hibernate\orm\hibernate-core\6.4.4.Final\hibernate-core-6.4.4.Final.jar;C:\Users\Usuario\.m2\repository\jakarta\persistence\jakarta.persistence-api\3.1.0\jakarta.persistence-api-3.1.0.jar;C:\Users\Usuario\.m2\repository\jakarta\transaction\jakarta.transaction-api\2.0.1\jakarta.transaction-api-2.0.1.jar;C:\Users\Usuario\.m2\repository\org\jboss\logging\jboss-logging\3.5.3.Final\jboss-logging-3.5.3.Final.jar;C:\Users\Usuario\.m2\repository\org\hibernate\common\hibernate-commons-annotations\6.0.6.Final\hibernate-commons-annotations-6.0.6.Final.jar;C:\Users\Usuario\.m2\repository\io\smallrye\jandex\3.1.2\jandex-3.1.2.jar;C:\Users\Usuario\.m2\repository\com\fasterxml\classmate\1.6.0\classmate-1.6.0.jar;C:\Users\Usuario\.m2\repository\net\bytebuddy\byte-buddy\1.14.13\byte-buddy-1.14.13.jar;C:\Users\Usuario\.m2\repository\org\glassfish\jaxb\jaxb-runtime\4.0.5\jaxb-runtime-4.0.5.jar;C:\Users\Usuario\.m2\repository\org\glassfish\jaxb\jaxb-core\4.0.5\jaxb-core-4.0.5.jar;C:\Users\Usuario\.m2\repository\org\eclipse\angus\angus-activation\2.0.2\angus-activation-2.0.2.jar;C:\Users\Usuario\.m2\repository\org\glassfish\jaxb\txw2\4.0.5\txw2-4.0.5.jar;C:\Users\Usuario\.m2\repository\com\sun\istack\istack-commons-runtime\4.1.2\istack-commons-runtime-4.1.2.jar;C:\Users\Usuario\.m2\repository\jakarta\inject\jakarta.inject-api\2.0.1\jakarta.inject-api-2.0.1.jar;C:\Users\Usuario\.m2\repository\org\antlr\antlr4-runtime\4.13.0\antlr4-runtime-4.13.0.jar;C:\Users\Usuario\.m2\repository\org\springframework\data\spring-data-jpa\3.2.5\spring-data-jpa-3.2.5.jar;C:\Users\Usuario\.m2\repository\org\springframework\data\spring-data-commons\3.2.5\spring-data-commons-3.2.5.jar;C:\Users\Usuario\.m2\repository\org\springframework\spring-orm\6.1.6\spring-orm-6.1.6.jar;C:\Users\Usuario\.m2\repository\org\springframework\spring-context\6.1.6\spring-context-6.1.6.jar;C:\Users\Usuario\.m2\repository\org\springframework\spring-tx\6.1.6\spring-tx-6.1.6.jar;C:\Users\Usuario\.m2\repository\org\springframework\spring-beans\6.1.6\spring-beans-6.1.6.jar;C:\Users\Usuario\.m2\repository\jakarta\annotation\jakarta.annotation-api\2.1.1\jakarta.annotation-api-2.1.1.jar;C:\Users\Usuario\.m2\repository\org\slf4j\slf4j-api\2.0.13\slf4j-api-2.0.13.jar;C:\Users\Usuario\.m2\repository\org\springframework\spring-aspects\6.1.6\spring-aspects-6.1.6.jar;C:\Users\Usuario\.m2\repository\org\springframework\boot\spring-boot-starter-web\3.2.5\spring-boot-starter-web-3.2.5.jar;C:\Users\Usuario\.m2\repository\org\springframework\boot\spring-boot-starter\3.2.5\spring-boot-starter-3.2.5.jar;C:\Users\Usuario\.m2\repository\org\springframework\boot\spring-boot\3.2.5\spring-boot-3.2.5.jar;C:\Users\Usuario\.m2\repository\org\springframework\boot\spring-boot-autoconfigure\3.2.5\spring-boot-autoconfigure-3.2.5.jar;C:\Users\Usuario\.m2\repository\org\springframework\boot\spring-boot-starter-logging\3.2.5\spring-boot-starter-logging-3.2.5.jar;C:\Users\Usuario\.m2\repository\ch\qos\logback\logback-classic\1.4.14\logback-classic-1.4.14.jar;C:\Users\Usuario\.m2\repository\ch\qos\logback\logback-core\1.4.14\logback-core-1.4.14.jar;C:\Users\Usuario\.m2\repository\org\apache\logging\log4j\log4j-to-slf4j\2.21.1\log4j-to-slf4j-2.21.1.jar;C:\Users\Usuario\.m2\repository\org\apache\logging\log4j\log4j-api\2.21.1\log4j-api-2.21.1.jar;C:\Users\Usuario\.m2\repository\org\slf4j\jul-to-slf4j\2.0.13\jul-to-slf4j-2.0.13.jar;C:\Users\Usuario\.m2\repository\org\yaml\snakeyaml\2.2\snakeyaml-2.2.jar;C:\Users\Usuario\.m2\repository\org\springframework\boot\spring-boot-starter-json\3.2.5\spring-boot-starter-json-3.2.5.jar;C:\Users\Usuario\.m2\repository\com\fasterxml\jackson\core\jackson-databind\2.15.4\jackson-databind-2.15.4.jar;C:\Users\Usuario\.m2\repository\com\fasterxml\jackson\core\jackson-annotations\2.15.4\jackson-annotations-2.15.4.jar;C:\Users\Usuario\.m2\repository\com\fasterxml\jackson\core\jackson-core\2.15.4\jackson-core-2.15.4.jar;C:\Users\Usuario\.m2\repository\com\fasterxml\jackson\datatype\jackson-datatype-jdk8\2.15.4\jackson-datatype-jdk8-2.15.4.jar;C:\Users\Usuario\.m2\repository\com\fasterxml\jackson\datatype\jackson-datatype-jsr310\2.15.4\jackson-datatype-jsr310-2.15.4.jar;C:\Users\Usuario\.m2\repository\com\fasterxml\jackson\module\jackson-module-parameter-names\2.15.4\jackson-module-parameter-names-2.15.4.jar;C:\Users\Usuario\.m2\repository\org\springframework\boot\spring-boot-starter-tomcat\3.2.5\spring-boot-starter-tomcat-3.2.5.jar;C:\Users\Usuario\.m2\repository\org\apache\tomcat\embed\tomcat-embed-core\10.1.20\tomcat-embed-core-10.1.20.jar;C:\Users\Usuario\.m2\repository\org\apache\tomcat\embed\tomcat-embed-el\10.1.20\tomcat-embed-el-10.1.20.jar;C:\Users\Usuario\.m2\repository\org\apache\tomcat\embed\tomcat-embed-websocket\10.1.20\tomcat-embed-websocket-10.1.20.jar;C:\Users\Usuario\.m2\repository\org\springframework\spring-web\6.1.6\spring-web-6.1.6.jar;C:\Users\Usuario\.m2\repository\io\micrometer\micrometer-observation\1.12.5\micrometer-observation-1.12.5.jar;C:\Users\Usuario\.m2\repository\io\micrometer\micrometer-commons\1.12.5\micrometer-commons-1.12.5.jar;C:\Users\Usuario\.m2\repository\org\springframework\spring-webmvc\6.1.6\spring-webmvc-6.1.6.jar;C:\Users\Usuario\.m2\repository\org\springframework\spring-expression\6.1.6\spring-expression-6.1.6.jar;C:\Users\Usuario\.m2\repository\org\projectlombok\lombok\1.18.32\lombok-1.18.32.jar;C:\Users\Usuario\.m2\repository\org\springframework\boot\spring-boot-starter-test\3.2.5\spring-boot-starter-test-3.2.5.jar;C:\Users\Usuario\.m2\repository\org\springframework\boot\spring-boot-test\3.2.5\spring-boot-test-3.2.5.jar;C:\Users\Usuario\.m2\repository\org\springframework\boot\spring-boot-test-autoconfigure\3.2.5\spring-boot-test-autoconfigure-3.2.5.jar;C:\Users\Usuario\.m2\repository\com\jayway\jsonpath\json-path\2.9.0\json-path-2.9.0.jar;C:\Users\Usuario\.m2\repository\jakarta\xml\bind\jakarta.xml.bind-api\4.0.2\jakarta.xml.bind-api-4.0.2.jar;C:\Users\Usuario\.m2\repository\jakarta\activation\jakarta.activation-api\2.1.3\jakarta.activation-api-2.1.3.jar;C:\Users\Usuario\.m2\repository\net\minidev\json-smart\2.5.1\json-smart-2.5.1.jar;C:\Users\Usuario\.m2\repository\net\minidev\accessors-smart\2.5.1\accessors-smart-2.5.1.jar;C:\Users\Usuario\.m2\repository\org\ow2\asm\asm\9.6\asm-9.6.jar;C:\Users\Usuario\.m2\repository\org\assertj\assertj-core\3.24.2\assertj-core-3.24.2.jar;C:\Users\Usuario\.m2\repository\org\awaitility\awaitility\4.2.1\awaitility-4.2.1.jar;C:\Users\Usuario\.m2\repository\org\hamcrest\hamcrest\2.2\hamcrest-2.2.jar;C:\Users\Usuario\.m2\repository\org\junit\jupiter\junit-jupiter\5.10.2\junit-jupiter-5.10.2.jar;C:\Users\Usuario\.m2\repository\org\junit\jupiter\junit-jupiter-api\5.10.2\junit-jupiter-api-5.10.2.jar;C:\Users\Usuario\.m2\repository\org\opentest4j\opentest4j\1.3.0\opentest4j-1.3.0.jar;C:\Users\Usuario\.m2\repository\org\junit\platform\junit-platform-commons\1.10.2\junit-platform-commons-1.10.2.jar;C:\Users\Usuario\.m2\repository\org\apiguardian\apiguardian-api\1.1.2\apiguardian-api-1.1.2.jar;C:\Users\Usuario\.m2\repository\org\junit\jupiter\junit-jupiter-params\5.10.2\junit-jupiter-params-5.10.2.jar;C:\Users\Usuario\.m2\repository\org\junit\jupiter\junit-jupiter-engine\5.10.2\junit-jupiter-engine-5.10.2.jar;C:\Users\Usuario\.m2\repository\org\junit\platform\junit-platform-engine\1.10.2\junit-platform-engine-1.10.2.jar;C:\Users\Usuario\.m2\repository\org\mockito\mockito-core\5.7.0\mockito-core-5.7.0.jar;C:\Users\Usuario\.m2\repository\net\bytebuddy\byte-buddy-agent\1.14.13\byte-buddy-agent-1.14.13.jar;C:\Users\Usuario\.m2\repository\org\objenesis\objenesis\3.3\objenesis-3.3.jar;C:\Users\Usuario\.m2\repository\org\mockito\mockito-junit-jupiter\5.7.0\mockito-junit-jupiter-5.7.0.jar;C:\Users\Usuario\.m2\repository\org\skyscreamer\jsonassert\1.5.1\jsonassert-1.5.1.jar;C:\Users\Usuario\.m2\repository\com\vaadin\external\google\android-json\0.0.20131108.vaadin1\android-json-0.0.20131108.vaadin1.jar;C:\Users\Usuario\.m2\repository\org\springframework\spring-core\6.1.6\spring-core-6.1.6.jar;C:\Users\Usuario\.m2\repository\org\springframework\spring-jcl\6.1.6\spring-jcl-6.1.6.jar;C:\Users\Usuario\.m2\repository\org\springframework\spring-test\6.1.6\spring-test-6.1.6.jar;C:\Users\Usuario\.m2\repository\org\xmlunit\xmlunit-core\2.9.1\xmlunit-core-2.9.1.jar;C:\Users\Usuario\.m2\repository\com\h2database\h2\2.2.224\h2-2.2.224.jar;"/>
    <property name="sun.cpu.endian" value="little"/>
    <property name="user.home" value="C:\Users\Usuario"/>
    <property name="user.language" value="es"/>
    <property name="java.specification.vendor" value="Oracle Corporation"/>
    <property name="java.version.date" value="2024-03-19"/>
    <property name="java.home" value="C:\Program Files\Java\jdk-22"/>
    <property name="file.separator" value="\"/>
    <property name="basedir" value="C:\Users\Usuario\Documents\Practica JUnit"/>
    <property name="java.vm.compressedOopsMode" value="32-bit"/>
    <property name="line.separator" value="&#10;"/>
    <property name="java.vm.specification.vendor" value="Oracle Corporation"/>
    <property name="java.specification.name" value="Java Platform API Specification"/>
    <property name="FILE_LOG_CHARSET" value="UTF-8"/>
    <property name="java.awt.headless" value="true"/>
    <property name="surefire.real.class.path" value="C:\Users\Usuario\AppData\Local\Temp\surefire5369266270165485066\surefirebooter-20240509174817205_3.jar"/>
    <property name="user.script" value=""/>
    <property name="sun.management.compiler" value="HotSpot 64-Bit Tiered Compilers"/>
    <property name="java.runtime.version" value="22+36-2370"/>
    <property name="user.name" value="Usuario"/>
    <property name="stdout.encoding" value="Cp1252"/>
    <property name="path.separator" value=";"/>
    <property name="os.version" value="10.0"/>
    <property name="java.runtime.name" value="Java(TM) SE Runtime Environment"/>
    <property name="file.encoding" value="UTF-8"/>
    <property name="java.vm.name" value="Java HotSpot(TM) 64-Bit Server VM"/>
    <property name="localRepository" value="C:\Users\Usuario\.m2\repository"/>
    <property name="java.vendor.url.bug" value="https://bugreport.java.com/bugreport/"/>
    <property name="java.io.tmpdir" value="C:\Users\Usuario\AppData\Local\Temp\"/>
    <property name="catalina.home" value="C:\Users\Usuario\AppData\Local\Temp\tomcat.0.11512567218069265445"/>
    <property name="com.zaxxer.hikari.pool_number" value="23"/>
    <property name="java.version" value="22"/>
    <property name="user.dir" value="C:\Users\Usuario\Documents\Practica JUnit"/>
    <property name="os.arch" value="amd64"/>
    <property name="java.vm.specification.name" value="Java Virtual Machine Specification"/>
    <property name="PID" value="15408"/>
    <property name="sun.os.patch.level" value=""/>
    <property name="CONSOLE_LOG_CHARSET" value="UTF-8"/>
    <property name="catalina.base" value="C:\Users\Usuario\AppData\Local\Temp\tomcat.0.652005512765342528"/>
    <property name="native.encoding" value="Cp1252"/>
    <property name="java.library.path" value="C:\Program Files\Java\jdk-22\bin;C:\Windows\Sun\Java\bin;C:\Windows\system32;C:\Windows;C:\MinGW\bin;C:\cygwin64\bin;C:\cygwin64\bin;C:\Program Files (x86)\NVIDIA Corporation\PhysX\Common;C:\Program Files\Haskell\bin;C:\Program Files\Haskell Platform\8.6.5\lib\extralibs\bin;C:\Program Files\Haskell Platform\8.6.5\bin;C:\Program Files\Common Files\Oracle\Java\javapath;C:\Program Files (x86)\Common Files\Oracle\Java\javapath;C:\Windows\system32;C:\Windows;C:\Windows\System32\Wbem;C:\Windows\System32\WindowsPowerShell\v1.0\;C:\Windows\System32\OpenSSH\;C:\Program Files\Haskell Platform\8.6.5\mingw\bin;C:\Program Files\dotnet\;C:\Program Files\Git\cmd;C:\Program Files\AutoFirma\AutoFirma;C:\Program Files\nodejs\;C:\Users\Usuario\AppData\Local\Programs\Python\Python311\Scripts\;C:\Users\Usuario\AppData\Local\Programs\Python\Python311\;C:\MinGW\bin;C:\cygwin64\bin;C:\cygwin64\bin;C:\Users\Usuario\AppData\Roaming\cabal\bin;C:\Users\Usuario\AppData\Roaming\local\bin;C:\Users\Usuario\AppData\Local\Microsoft\WindowsApps;C:\Users\Usuario\AppData\Local\Programs\Microsoft VS Code\bin;C:\Users\Usuario\AppData\Local\GitHubDesktop\bin;C:\Users\Usuario\AppData\Roaming\npm;C:\Users\Usuario\Desktop\Universidad\4º CURSO (2023-2024)\Asignaturas\Segundo Cuatrimestre\Sistemas de Información en Internet\Tema 3\apache-maven-3.9.6\bin;;."/>
    <property name="java.vm.info" value="mixed mode, sharing"/>
    <property name="stderr.encoding" value="Cp1252"/>
    <property name="java.vendor" value="Oracle Corporation"/>
    <property name="java.vm.version" value="22+36-2370"/>
    <property name="sun.io.unicode.encoding" value="UnicodeLittle"/>
    <property name="java.class.version" value="66.0"/>
    <property name="LOGGED_APPLICATION_NAME" value="[NivelesInstituto] "/>
  </properties>
  <testcase name="devuelveNiveles" classname="es.uma.informatica.sii.nivelesinstituto.NivelesInstitutoApplicationTests$NivelesVacios" time="0.046">
    <system-out><![CDATA[2024-05-09T17:48:41.994+02:00  INFO 15408 --- [NivelesInstituto] [           main] t.c.s.AnnotationConfigContextLoaderUtils : Could not detect default configuration classes for test class [es.uma.informatica.sii.nivelesinstituto.NivelesInstitutoApplicationTests$NivelesVacios]: NivelesVacios does not declare any static, non-private, non-final, nested classes annotated with @Configuration.
2024-05-09T17:48:41.998+02:00  INFO 15408 --- [NivelesInstituto] [           main] .b.t.c.SpringBootTestContextBootstrapper : Found @SpringBootConfiguration es.uma.informatica.sii.nivelesinstituto.NivelesInstitutoApplication for test class es.uma.informatica.sii.nivelesinstituto.NivelesInstitutoApplicationTests$NivelesVacios

  .   ____          _            __ _ _
 /\\ / ___'_ __ _ _(_)_ __  __ _ \ \ \ \
( ( )\___ | '_ | '_| | '_ \/ _` | \ \ \ \
 \\/  ___)| |_)| | | | | || (_| |  ) ) ) )
  '  |____| .__|_| |_|_| |_\__, | / / / /
 =========|_|==============|___/=/_/_/_/
 :: Spring Boot ::                (v3.2.5)

2024-05-09T17:48:42.045+02:00  INFO 15408 --- [NivelesInstituto] [           main] u.i.s.n.NivelesInstitutoApplicationTests : Starting NivelesInstitutoApplicationTests using Java 22 with PID 15408 (started by Usuario in C:\Users\Usuario\Documents\Practica JUnit)
2024-05-09T17:48:42.045+02:00  INFO 15408 --- [NivelesInstituto] [           main] u.i.s.n.NivelesInstitutoApplicationTests : No active profile set, falling back to 1 default profile: "default"
2024-05-09T17:48:42.195+02:00  INFO 15408 --- [NivelesInstituto] [           main] .s.d.r.c.RepositoryConfigurationDelegate : Bootstrapping Spring Data JPA repositories in DEFAULT mode.
2024-05-09T17:48:42.203+02:00  INFO 15408 --- [NivelesInstituto] [           main] .s.d.r.c.RepositoryConfigurationDelegate : Finished Spring Data repository scanning in 7 ms. Found 2 JPA repository interfaces.
2024-05-09T17:48:42.256+02:00  INFO 15408 --- [NivelesInstituto] [           main] o.s.b.w.embedded.tomcat.TomcatWebServer  : Tomcat initialized with port 0 (http)
2024-05-09T17:48:42.257+02:00  INFO 15408 --- [NivelesInstituto] [           main] o.apache.catalina.core.StandardService   : Starting service [Tomcat]
2024-05-09T17:48:42.257+02:00  INFO 15408 --- [NivelesInstituto] [           main] o.apache.catalina.core.StandardEngine    : Starting Servlet engine: [Apache Tomcat/10.1.20]
2024-05-09T17:48:42.275+02:00  INFO 15408 --- [NivelesInstituto] [           main] o.a.c.c.C.[Tomcat].[localhost].[/]       : Initializing Spring embedded WebApplicationContext
2024-05-09T17:48:42.275+02:00  INFO 15408 --- [NivelesInstituto] [           main] w.s.c.ServletWebServerApplicationContext : Root WebApplicationContext: initialization completed in 227 ms
2024-05-09T17:48:42.294+02:00  INFO 15408 --- [NivelesInstituto] [           main] com.zaxxer.hikari.HikariDataSource       : HikariPool-19 - Starting...
2024-05-09T17:48:42.297+02:00  INFO 15408 --- [NivelesInstituto] [           main] com.zaxxer.hikari.pool.HikariPool        : HikariPool-19 - Added connection conn174: url=jdbc:h2:mem:9af405d3-e258-49d6-98f1-abda4e2e01d0 user=SA
2024-05-09T17:48:42.298+02:00  INFO 15408 --- [NivelesInstituto] [           main] com.zaxxer.hikari.HikariDataSource       : HikariPool-19 - Start completed.
2024-05-09T17:48:42.300+02:00  INFO 15408 --- [NivelesInstituto] [           main] o.hibernate.jpa.internal.util.LogHelper  : HHH000204: Processing PersistenceUnitInfo [name: default]
2024-05-09T17:48:42.303+02:00  INFO 15408 --- [NivelesInstituto] [           main] o.h.c.internal.RegionFactoryInitiator    : HHH000026: Second-level cache disabled
2024-05-09T17:48:42.309+02:00  INFO 15408 --- [NivelesInstituto] [           main] o.s.o.j.p.SpringPersistenceUnitInfo      : No LoadTimeWeaver setup: ignoring JPA class transformer
2024-05-09T17:48:42.356+02:00  INFO 15408 --- [NivelesInstituto] [           main] o.h.e.t.j.p.i.JtaPlatformInitiator       : HHH000489: No JTA platform available (set 'hibernate.transaction.jta.platform' to enable JTA platform integration)
2024-05-09T17:48:42.363+02:00  INFO 15408 --- [NivelesInstituto] [           main] j.LocalContainerEntityManagerFactoryBean : Initialized JPA EntityManagerFactory for persistence unit 'default'
2024-05-09T17:48:42.390+02:00  WARN 15408 --- [NivelesInstituto] [           main] JpaBaseConfiguration$JpaWebConfiguration : spring.jpa.open-in-view is enabled by default. Therefore, database queries may be performed during view rendering. Explicitly configure spring.jpa.open-in-view to disable this warning
2024-05-09T17:48:42.455+02:00  INFO 15408 --- [NivelesInstituto] [           main] o.s.b.w.embedded.tomcat.TomcatWebServer  : Tomcat started on port 58253 (http) with context path ''
2024-05-09T17:48:42.457+02:00  INFO 15408 --- [NivelesInstituto] [           main] u.i.s.n.NivelesInstitutoApplicationTests : Started NivelesInstitutoApplicationTests in 0.451 seconds (process running for 25.102)
2024-05-09T17:48:42.470+02:00  INFO 15408 --- [NivelesInstituto] [-auto-19-exec-1] o.a.c.c.C.[Tomcat].[localhost].[/]       : Initializing Spring DispatcherServlet 'dispatcherServlet'
2024-05-09T17:48:42.471+02:00  INFO 15408 --- [NivelesInstituto] [-auto-19-exec-1] o.s.web.servlet.DispatcherServlet        : Initializing Servlet 'dispatcherServlet'
2024-05-09T17:48:42.471+02:00  INFO 15408 --- [NivelesInstituto] [-auto-19-exec-1] o.s.web.servlet.DispatcherServlet        : Completed initialization in 0 ms
2024-05-09T17:48:42.487+02:00  INFO 15408 --- [NivelesInstituto] [           main] j.LocalContainerEntityManagerFactoryBean : Closing JPA EntityManagerFactory for persistence unit 'default'
2024-05-09T17:48:42.488+02:00  INFO 15408 --- [NivelesInstituto] [           main] com.zaxxer.hikari.HikariDataSource       : HikariPool-19 - Shutdown initiated...
2024-05-09T17:48:42.502+02:00  INFO 15408 --- [NivelesInstituto] [           main] com.zaxxer.hikari.HikariDataSource       : HikariPool-19 - Shutdown completed.
]]></system-out>
  </testcase>
  <testcase name="modificarNivelInexistente" classname="es.uma.informatica.sii.nivelesinstituto.NivelesInstitutoApplicationTests$NivelesVacios" time="0.042">
    <system-out><![CDATA[
  .   ____          _            __ _ _
 /\\ / ___'_ __ _ _(_)_ __  __ _ \ \ \ \
( ( )\___ | '_ | '_| | '_ \/ _` | \ \ \ \
 \\/  ___)| |_)| | | | | || (_| |  ) ) ) )
  '  |____| .__|_| |_|_| |_\__, | / / / /
 =========|_|==============|___/=/_/_/_/
 :: Spring Boot ::                (v3.2.5)

2024-05-09T17:48:42.530+02:00  INFO 15408 --- [NivelesInstituto] [           main] u.i.s.n.NivelesInstitutoApplicationTests : Starting NivelesInstitutoApplicationTests using Java 22 with PID 15408 (started by Usuario in C:\Users\Usuario\Documents\Practica JUnit)
2024-05-09T17:48:42.530+02:00  INFO 15408 --- [NivelesInstituto] [           main] u.i.s.n.NivelesInstitutoApplicationTests : No active profile set, falling back to 1 default profile: "default"
2024-05-09T17:48:42.619+02:00  INFO 15408 --- [NivelesInstituto] [           main] .s.d.r.c.RepositoryConfigurationDelegate : Bootstrapping Spring Data JPA repositories in DEFAULT mode.
2024-05-09T17:48:42.625+02:00  INFO 15408 --- [NivelesInstituto] [           main] .s.d.r.c.RepositoryConfigurationDelegate : Finished Spring Data repository scanning in 6 ms. Found 2 JPA repository interfaces.
2024-05-09T17:48:42.662+02:00  INFO 15408 --- [NivelesInstituto] [           main] o.s.b.w.embedded.tomcat.TomcatWebServer  : Tomcat initialized with port 0 (http)
2024-05-09T17:48:42.663+02:00  INFO 15408 --- [NivelesInstituto] [           main] o.apache.catalina.core.StandardService   : Starting service [Tomcat]
2024-05-09T17:48:42.663+02:00  INFO 15408 --- [NivelesInstituto] [           main] o.apache.catalina.core.StandardEngine    : Starting Servlet engine: [Apache Tomcat/10.1.20]
2024-05-09T17:48:42.680+02:00  INFO 15408 --- [NivelesInstituto] [           main] o.a.c.c.C.[Tomcat].[localhost].[/]       : Initializing Spring embedded WebApplicationContext
2024-05-09T17:48:42.680+02:00  INFO 15408 --- [NivelesInstituto] [           main] w.s.c.ServletWebServerApplicationContext : Root WebApplicationContext: initialization completed in 148 ms
2024-05-09T17:48:42.704+02:00  INFO 15408 --- [NivelesInstituto] [           main] com.zaxxer.hikari.HikariDataSource       : HikariPool-20 - Starting...
2024-05-09T17:48:42.706+02:00  INFO 15408 --- [NivelesInstituto] [           main] com.zaxxer.hikari.pool.HikariPool        : HikariPool-20 - Added connection conn181: url=jdbc:h2:mem:a6f476e7-7b50-4c5c-9d62-55a2e8b02c94 user=SA
2024-05-09T17:48:42.707+02:00  INFO 15408 --- [NivelesInstituto] [           main] com.zaxxer.hikari.HikariDataSource       : HikariPool-20 - Start completed.
2024-05-09T17:48:42.708+02:00  INFO 15408 --- [NivelesInstituto] [           main] o.hibernate.jpa.internal.util.LogHelper  : HHH000204: Processing PersistenceUnitInfo [name: default]
2024-05-09T17:48:42.710+02:00  INFO 15408 --- [NivelesInstituto] [           main] o.h.c.internal.RegionFactoryInitiator    : HHH000026: Second-level cache disabled
2024-05-09T17:48:42.714+02:00  INFO 15408 --- [NivelesInstituto] [           main] o.s.o.j.p.SpringPersistenceUnitInfo      : No LoadTimeWeaver setup: ignoring JPA class transformer
2024-05-09T17:48:42.763+02:00  INFO 15408 --- [NivelesInstituto] [           main] o.h.e.t.j.p.i.JtaPlatformInitiator       : HHH000489: No JTA platform available (set 'hibernate.transaction.jta.platform' to enable JTA platform integration)
2024-05-09T17:48:42.768+02:00  INFO 15408 --- [NivelesInstituto] [           main] j.LocalContainerEntityManagerFactoryBean : Initialized JPA EntityManagerFactory for persistence unit 'default'
2024-05-09T17:48:42.793+02:00  WARN 15408 --- [NivelesInstituto] [           main] JpaBaseConfiguration$JpaWebConfiguration : spring.jpa.open-in-view is enabled by default. Therefore, database queries may be performed during view rendering. Explicitly configure spring.jpa.open-in-view to disable this warning
2024-05-09T17:48:42.848+02:00  INFO 15408 --- [NivelesInstituto] [           main] o.s.b.w.embedded.tomcat.TomcatWebServer  : Tomcat started on port 58256 (http) with context path ''
2024-05-09T17:48:42.851+02:00  INFO 15408 --- [NivelesInstituto] [           main] u.i.s.n.NivelesInstitutoApplicationTests : Started NivelesInstitutoApplicationTests in 0.342 seconds (process running for 25.495)
2024-05-09T17:48:42.868+02:00  INFO 15408 --- [NivelesInstituto] [-auto-20-exec-2] o.a.c.c.C.[Tomcat].[localhost].[/]       : Initializing Spring DispatcherServlet 'dispatcherServlet'
2024-05-09T17:48:42.868+02:00  INFO 15408 --- [NivelesInstituto] [-auto-20-exec-2] o.s.web.servlet.DispatcherServlet        : Initializing Servlet 'dispatcherServlet'
2024-05-09T17:48:42.868+02:00  INFO 15408 --- [NivelesInstituto] [-auto-20-exec-2] o.s.web.servlet.DispatcherServlet        : Completed initialization in 0 ms
2024-05-09T17:48:42.884+02:00  INFO 15408 --- [NivelesInstituto] [           main] j.LocalContainerEntityManagerFactoryBean : Closing JPA EntityManagerFactory for persistence unit 'default'
2024-05-09T17:48:42.886+02:00  INFO 15408 --- [NivelesInstituto] [           main] com.zaxxer.hikari.HikariDataSource       : HikariPool-20 - Shutdown initiated...
2024-05-09T17:48:42.891+02:00  INFO 15408 --- [NivelesInstituto] [           main] com.zaxxer.hikari.HikariDataSource       : HikariPool-20 - Shutdown completed.
]]></system-out>
  </testcase>
  <testcase name="eliminarNivelInexistente" classname="es.uma.informatica.sii.nivelesinstituto.NivelesInstitutoApplicationTests$NivelesVacios" time="0.043">
    <system-out><![CDATA[
  .   ____          _            __ _ _
 /\\ / ___'_ __ _ _(_)_ __  __ _ \ \ \ \
( ( )\___ | '_ | '_| | '_ \/ _` | \ \ \ \
 \\/  ___)| |_)| | | | | || (_| |  ) ) ) )
  '  |____| .__|_| |_|_| |_\__, | / / / /
 =========|_|==============|___/=/_/_/_/
 :: Spring Boot ::                (v3.2.5)

2024-05-09T17:48:42.918+02:00  INFO 15408 --- [NivelesInstituto] [           main] u.i.s.n.NivelesInstitutoApplicationTests : Starting NivelesInstitutoApplicationTests using Java 22 with PID 15408 (started by Usuario in C:\Users\Usuario\Documents\Practica JUnit)
2024-05-09T17:48:42.918+02:00  INFO 15408 --- [NivelesInstituto] [           main] u.i.s.n.NivelesInstitutoApplicationTests : No active profile set, falling back to 1 default profile: "default"
2024-05-09T17:48:43.011+02:00  INFO 15408 --- [NivelesInstituto] [           main] .s.d.r.c.RepositoryConfigurationDelegate : Bootstrapping Spring Data JPA repositories in DEFAULT mode.
2024-05-09T17:48:43.015+02:00  INFO 15408 --- [NivelesInstituto] [           main] .s.d.r.c.RepositoryConfigurationDelegate : Finished Spring Data repository scanning in 4 ms. Found 2 JPA repository interfaces.
2024-05-09T17:48:43.049+02:00  INFO 15408 --- [NivelesInstituto] [           main] o.s.b.w.embedded.tomcat.TomcatWebServer  : Tomcat initialized with port 0 (http)
2024-05-09T17:48:43.050+02:00  INFO 15408 --- [NivelesInstituto] [           main] o.apache.catalina.core.StandardService   : Starting service [Tomcat]
2024-05-09T17:48:43.050+02:00  INFO 15408 --- [NivelesInstituto] [           main] o.apache.catalina.core.StandardEngine    : Starting Servlet engine: [Apache Tomcat/10.1.20]
2024-05-09T17:48:43.072+02:00  INFO 15408 --- [NivelesInstituto] [           main] o.a.c.c.C.[Tomcat].[localhost].[/]       : Initializing Spring embedded WebApplicationContext
2024-05-09T17:48:43.072+02:00  INFO 15408 --- [NivelesInstituto] [           main] w.s.c.ServletWebServerApplicationContext : Root WebApplicationContext: initialization completed in 153 ms
2024-05-09T17:48:43.096+02:00  INFO 15408 --- [NivelesInstituto] [           main] com.zaxxer.hikari.HikariDataSource       : HikariPool-21 - Starting...
2024-05-09T17:48:43.098+02:00  INFO 15408 --- [NivelesInstituto] [           main] com.zaxxer.hikari.pool.HikariPool        : HikariPool-21 - Added connection conn187: url=jdbc:h2:mem:f4c1141f-6426-418f-b538-f58419be7bb0 user=SA
2024-05-09T17:48:43.098+02:00  INFO 15408 --- [NivelesInstituto] [           main] com.zaxxer.hikari.HikariDataSource       : HikariPool-21 - Start completed.
2024-05-09T17:48:43.100+02:00  INFO 15408 --- [NivelesInstituto] [           main] o.hibernate.jpa.internal.util.LogHelper  : HHH000204: Processing PersistenceUnitInfo [name: default]
2024-05-09T17:48:43.102+02:00  INFO 15408 --- [NivelesInstituto] [           main] o.h.c.internal.RegionFactoryInitiator    : HHH000026: Second-level cache disabled
2024-05-09T17:48:43.106+02:00  INFO 15408 --- [NivelesInstituto] [           main] o.s.o.j.p.SpringPersistenceUnitInfo      : No LoadTimeWeaver setup: ignoring JPA class transformer
2024-05-09T17:48:43.145+02:00  INFO 15408 --- [NivelesInstituto] [           main] o.h.e.t.j.p.i.JtaPlatformInitiator       : HHH000489: No JTA platform available (set 'hibernate.transaction.jta.platform' to enable JTA platform integration)
2024-05-09T17:48:43.149+02:00  INFO 15408 --- [NivelesInstituto] [           main] j.LocalContainerEntityManagerFactoryBean : Initialized JPA EntityManagerFactory for persistence unit 'default'
2024-05-09T17:48:43.182+02:00  WARN 15408 --- [NivelesInstituto] [           main] JpaBaseConfiguration$JpaWebConfiguration : spring.jpa.open-in-view is enabled by default. Therefore, database queries may be performed during view rendering. Explicitly configure spring.jpa.open-in-view to disable this warning
2024-05-09T17:48:43.246+02:00  INFO 15408 --- [NivelesInstituto] [           main] o.s.b.w.embedded.tomcat.TomcatWebServer  : Tomcat started on port 58259 (http) with context path ''
2024-05-09T17:48:43.248+02:00  INFO 15408 --- [NivelesInstituto] [           main] u.i.s.n.NivelesInstitutoApplicationTests : Started NivelesInstitutoApplicationTests in 0.351 seconds (process running for 25.892)
2024-05-09T17:48:43.260+02:00  INFO 15408 --- [NivelesInstituto] [-auto-21-exec-1] o.a.c.c.C.[Tomcat].[localhost].[/]       : Initializing Spring DispatcherServlet 'dispatcherServlet'
2024-05-09T17:48:43.260+02:00  INFO 15408 --- [NivelesInstituto] [-auto-21-exec-1] o.s.web.servlet.DispatcherServlet        : Initializing Servlet 'dispatcherServlet'
2024-05-09T17:48:43.261+02:00  INFO 15408 --- [NivelesInstituto] [-auto-21-exec-1] o.s.web.servlet.DispatcherServlet        : Completed initialization in 1 ms
2024-05-09T17:48:43.272+02:00  INFO 15408 --- [NivelesInstituto] [           main] j.LocalContainerEntityManagerFactoryBean : Closing JPA EntityManagerFactory for persistence unit 'default'
2024-05-09T17:48:43.274+02:00  INFO 15408 --- [NivelesInstituto] [           main] com.zaxxer.hikari.HikariDataSource       : HikariPool-21 - Shutdown initiated...
2024-05-09T17:48:43.284+02:00  INFO 15408 --- [NivelesInstituto] [           main] com.zaxxer.hikari.HikariDataSource       : HikariPool-21 - Shutdown completed.
]]></system-out>
  </testcase>
  <testcase name="insertaNivel" classname="es.uma.informatica.sii.nivelesinstituto.NivelesInstitutoApplicationTests$NivelesVacios" time="0.062">
    <system-out><![CDATA[
  .   ____          _            __ _ _
 /\\ / ___'_ __ _ _(_)_ __  __ _ \ \ \ \
( ( )\___ | '_ | '_| | '_ \/ _` | \ \ \ \
 \\/  ___)| |_)| | | | | || (_| |  ) ) ) )
  '  |____| .__|_| |_|_| |_\__, | / / / /
 =========|_|==============|___/=/_/_/_/
 :: Spring Boot ::                (v3.2.5)

2024-05-09T17:48:43.321+02:00  INFO 15408 --- [NivelesInstituto] [           main] u.i.s.n.NivelesInstitutoApplicationTests : Starting NivelesInstitutoApplicationTests using Java 22 with PID 15408 (started by Usuario in C:\Users\Usuario\Documents\Practica JUnit)
2024-05-09T17:48:43.321+02:00  INFO 15408 --- [NivelesInstituto] [           main] u.i.s.n.NivelesInstitutoApplicationTests : No active profile set, falling back to 1 default profile: "default"
2024-05-09T17:48:43.450+02:00  INFO 15408 --- [NivelesInstituto] [           main] .s.d.r.c.RepositoryConfigurationDelegate : Bootstrapping Spring Data JPA repositories in DEFAULT mode.
2024-05-09T17:48:43.459+02:00  INFO 15408 --- [NivelesInstituto] [           main] .s.d.r.c.RepositoryConfigurationDelegate : Finished Spring Data repository scanning in 8 ms. Found 2 JPA repository interfaces.
2024-05-09T17:48:43.494+02:00  INFO 15408 --- [NivelesInstituto] [           main] o.s.b.w.embedded.tomcat.TomcatWebServer  : Tomcat initialized with port 0 (http)
2024-05-09T17:48:43.496+02:00  INFO 15408 --- [NivelesInstituto] [           main] o.apache.catalina.core.StandardService   : Starting service [Tomcat]
2024-05-09T17:48:43.496+02:00  INFO 15408 --- [NivelesInstituto] [           main] o.apache.catalina.core.StandardEngine    : Starting Servlet engine: [Apache Tomcat/10.1.20]
2024-05-09T17:48:43.514+02:00  INFO 15408 --- [NivelesInstituto] [           main] o.a.c.c.C.[Tomcat].[localhost].[/]       : Initializing Spring embedded WebApplicationContext
2024-05-09T17:48:43.514+02:00  INFO 15408 --- [NivelesInstituto] [           main] w.s.c.ServletWebServerApplicationContext : Root WebApplicationContext: initialization completed in 190 ms
2024-05-09T17:48:43.540+02:00  INFO 15408 --- [NivelesInstituto] [           main] com.zaxxer.hikari.HikariDataSource       : HikariPool-22 - Starting...
2024-05-09T17:48:43.544+02:00  INFO 15408 --- [NivelesInstituto] [           main] com.zaxxer.hikari.pool.HikariPool        : HikariPool-22 - Added connection conn193: url=jdbc:h2:mem:e50012ac-85e3-4f75-88d5-8b57e9dffa1f user=SA
2024-05-09T17:48:43.544+02:00  INFO 15408 --- [NivelesInstituto] [           main] com.zaxxer.hikari.HikariDataSource       : HikariPool-22 - Start completed.
2024-05-09T17:48:43.546+02:00  INFO 15408 --- [NivelesInstituto] [           main] o.hibernate.jpa.internal.util.LogHelper  : HHH000204: Processing PersistenceUnitInfo [name: default]
2024-05-09T17:48:43.548+02:00  INFO 15408 --- [NivelesInstituto] [           main] o.h.c.internal.RegionFactoryInitiator    : HHH000026: Second-level cache disabled
2024-05-09T17:48:43.553+02:00  INFO 15408 --- [NivelesInstituto] [           main] o.s.o.j.p.SpringPersistenceUnitInfo      : No LoadTimeWeaver setup: ignoring JPA class transformer
2024-05-09T17:48:43.607+02:00  INFO 15408 --- [NivelesInstituto] [           main] o.h.e.t.j.p.i.JtaPlatformInitiator       : HHH000489: No JTA platform available (set 'hibernate.transaction.jta.platform' to enable JTA platform integration)
2024-05-09T17:48:43.612+02:00  INFO 15408 --- [NivelesInstituto] [           main] j.LocalContainerEntityManagerFactoryBean : Initialized JPA EntityManagerFactory for persistence unit 'default'
2024-05-09T17:48:43.648+02:00  WARN 15408 --- [NivelesInstituto] [           main] JpaBaseConfiguration$JpaWebConfiguration : spring.jpa.open-in-view is enabled by default. Therefore, database queries may be performed during view rendering. Explicitly configure spring.jpa.open-in-view to disable this warning
2024-05-09T17:48:43.713+02:00  INFO 15408 --- [NivelesInstituto] [           main] o.s.b.w.embedded.tomcat.TomcatWebServer  : Tomcat started on port 58262 (http) with context path ''
2024-05-09T17:48:43.715+02:00  INFO 15408 --- [NivelesInstituto] [           main] u.i.s.n.NivelesInstitutoApplicationTests : Started NivelesInstitutoApplicationTests in 0.417 seconds (process running for 26.359)
2024-05-09T17:48:43.733+02:00  INFO 15408 --- [NivelesInstituto] [-auto-22-exec-1] o.a.c.c.C.[Tomcat].[localhost].[/]       : Initializing Spring DispatcherServlet 'dispatcherServlet'
2024-05-09T17:48:43.733+02:00  INFO 15408 --- [NivelesInstituto] [-auto-22-exec-1] o.s.web.servlet.DispatcherServlet        : Initializing Servlet 'dispatcherServlet'
2024-05-09T17:48:43.734+02:00  INFO 15408 --- [NivelesInstituto] [-auto-22-exec-1] o.s.web.servlet.DispatcherServlet        : Completed initialization in 1 ms
2024-05-09T17:48:43.762+02:00  INFO 15408 --- [NivelesInstituto] [           main] j.LocalContainerEntityManagerFactoryBean : Closing JPA EntityManagerFactory for persistence unit 'default'
2024-05-09T17:48:43.764+02:00  INFO 15408 --- [NivelesInstituto] [           main] com.zaxxer.hikari.HikariDataSource       : HikariPool-22 - Shutdown initiated...
2024-05-09T17:48:43.776+02:00  INFO 15408 --- [NivelesInstituto] [           main] com.zaxxer.hikari.HikariDataSource       : HikariPool-22 - Shutdown completed.
]]></system-out>
  </testcase>
  <testcase name="errorAlObtenerNivelConcreto" classname="es.uma.informatica.sii.nivelesinstituto.NivelesInstitutoApplicationTests$NivelesVacios" time="0.046">
    <system-out><![CDATA[
  .   ____          _            __ _ _
 /\\ / ___'_ __ _ _(_)_ __  __ _ \ \ \ \
( ( )\___ | '_ | '_| | '_ \/ _` | \ \ \ \
 \\/  ___)| |_)| | | | | || (_| |  ) ) ) )
  '  |____| .__|_| |_|_| |_\__, | / / / /
 =========|_|==============|___/=/_/_/_/
 :: Spring Boot ::                (v3.2.5)

2024-05-09T17:48:43.800+02:00  INFO 15408 --- [NivelesInstituto] [           main] u.i.s.n.NivelesInstitutoApplicationTests : Starting NivelesInstitutoApplicationTests using Java 22 with PID 15408 (started by Usuario in C:\Users\Usuario\Documents\Practica JUnit)
2024-05-09T17:48:43.800+02:00  INFO 15408 --- [NivelesInstituto] [           main] u.i.s.n.NivelesInstitutoApplicationTests : No active profile set, falling back to 1 default profile: "default"
2024-05-09T17:48:43.910+02:00  INFO 15408 --- [NivelesInstituto] [           main] .s.d.r.c.RepositoryConfigurationDelegate : Bootstrapping Spring Data JPA repositories in DEFAULT mode.
2024-05-09T17:48:43.917+02:00  INFO 15408 --- [NivelesInstituto] [           main] .s.d.r.c.RepositoryConfigurationDelegate : Finished Spring Data repository scanning in 6 ms. Found 2 JPA repository interfaces.
2024-05-09T17:48:43.960+02:00  INFO 15408 --- [NivelesInstituto] [           main] o.s.b.w.embedded.tomcat.TomcatWebServer  : Tomcat initialized with port 0 (http)
2024-05-09T17:48:43.960+02:00  INFO 15408 --- [NivelesInstituto] [           main] o.apache.catalina.core.StandardService   : Starting service [Tomcat]
2024-05-09T17:48:43.961+02:00  INFO 15408 --- [NivelesInstituto] [           main] o.apache.catalina.core.StandardEngine    : Starting Servlet engine: [Apache Tomcat/10.1.20]
2024-05-09T17:48:43.981+02:00  INFO 15408 --- [NivelesInstituto] [           main] o.a.c.c.C.[Tomcat].[localhost].[/]       : Initializing Spring embedded WebApplicationContext
2024-05-09T17:48:43.981+02:00  INFO 15408 --- [NivelesInstituto] [           main] w.s.c.ServletWebServerApplicationContext : Root WebApplicationContext: initialization completed in 180 ms
2024-05-09T17:48:44.002+02:00  INFO 15408 --- [NivelesInstituto] [           main] com.zaxxer.hikari.HikariDataSource       : HikariPool-23 - Starting...
2024-05-09T17:48:44.004+02:00  INFO 15408 --- [NivelesInstituto] [           main] com.zaxxer.hikari.pool.HikariPool        : HikariPool-23 - Added connection conn202: url=jdbc:h2:mem:75e3d62f-237b-487f-a1e4-04bb0bf0fb28 user=SA
2024-05-09T17:48:44.005+02:00  INFO 15408 --- [NivelesInstituto] [           main] com.zaxxer.hikari.HikariDataSource       : HikariPool-23 - Start completed.
2024-05-09T17:48:44.006+02:00  INFO 15408 --- [NivelesInstituto] [           main] o.hibernate.jpa.internal.util.LogHelper  : HHH000204: Processing PersistenceUnitInfo [name: default]
2024-05-09T17:48:44.009+02:00  INFO 15408 --- [NivelesInstituto] [           main] o.h.c.internal.RegionFactoryInitiator    : HHH000026: Second-level cache disabled
2024-05-09T17:48:44.013+02:00  INFO 15408 --- [NivelesInstituto] [           main] o.s.o.j.p.SpringPersistenceUnitInfo      : No LoadTimeWeaver setup: ignoring JPA class transformer
2024-05-09T17:48:44.046+02:00  INFO 15408 --- [NivelesInstituto] [           main] o.h.e.t.j.p.i.JtaPlatformInitiator       : HHH000489: No JTA platform available (set 'hibernate.transaction.jta.platform' to enable JTA platform integration)
2024-05-09T17:48:44.051+02:00  INFO 15408 --- [NivelesInstituto] [           main] j.LocalContainerEntityManagerFactoryBean : Initialized JPA EntityManagerFactory for persistence unit 'default'
2024-05-09T17:48:44.076+02:00  WARN 15408 --- [NivelesInstituto] [           main] JpaBaseConfiguration$JpaWebConfiguration : spring.jpa.open-in-view is enabled by default. Therefore, database queries may be performed during view rendering. Explicitly configure spring.jpa.open-in-view to disable this warning
2024-05-09T17:48:44.139+02:00  INFO 15408 --- [NivelesInstituto] [           main] o.s.b.w.embedded.tomcat.TomcatWebServer  : Tomcat started on port 58265 (http) with context path ''
2024-05-09T17:48:44.140+02:00  INFO 15408 --- [NivelesInstituto] [           main] u.i.s.n.NivelesInstitutoApplicationTests : Started NivelesInstitutoApplicationTests in 0.359 seconds (process running for 26.785)
2024-05-09T17:48:44.158+02:00  INFO 15408 --- [NivelesInstituto] [-auto-23-exec-1] o.a.c.c.C.[Tomcat].[localhost].[/]       : Initializing Spring DispatcherServlet 'dispatcherServlet'
2024-05-09T17:48:44.158+02:00  INFO 15408 --- [NivelesInstituto] [-auto-23-exec-1] o.s.web.servlet.DispatcherServlet        : Initializing Servlet 'dispatcherServlet'
2024-05-09T17:48:44.159+02:00  INFO 15408 --- [NivelesInstituto] [-auto-23-exec-1] o.s.web.servlet.DispatcherServlet        : Completed initialization in 1 ms
2024-05-09T17:48:44.172+02:00  INFO 15408 --- [NivelesInstituto] [           main] j.LocalContainerEntityManagerFactoryBean : Closing JPA EntityManagerFactory for persistence unit 'default'
2024-05-09T17:48:44.174+02:00  INFO 15408 --- [NivelesInstituto] [           main] com.zaxxer.hikari.HikariDataSource       : HikariPool-23 - Shutdown initiated...
2024-05-09T17:48:44.185+02:00  INFO 15408 --- [NivelesInstituto] [           main] com.zaxxer.hikari.HikariDataSource       : HikariPool-23 - Shutdown completed.
]]></system-out>
  </testcase>
</testsuite>